<?xml version="1.0" encoding="UTF-8"?>
<!-- Generated by org.testng.reporters.JUnitReportReporter -->
<testsuite hostname="LeThiThuThin" name="selenium_api.Topic_00_BankTestCases_BankGuru99_demo" tests="4" failures="0" timestamp="3 Oct 2018 22:23:51 GMT" time="23.933" errors="0">
  <testcase name="TC_01_CustomerNameBlank" time="22.957" classname="selenium_api.Topic_00_BankTestCases_BankGuru99_demo"/>
  <testcase name="TC_03_CustomerNameSpecialCharacter" time="0.231" classname="selenium_api.Topic_00_BankTestCases_BankGuru99_demo"/>
  <testcase name="TC_04_CustomerNameSpace" time="0.568" classname="selenium_api.Topic_00_BankTestCases_BankGuru99_demo"/>
  <testcase name="TC_02_CustomerNameNumeric" time="0.177" classname="selenium_api.Topic_00_BankTestCases_BankGuru99_demo"/>
</testsuite> <!-- selenium_api.Topic_00_BankTestCases_BankGuru99_demo -->
