<?xml version="1.0" encoding="UTF-8"?>
<!-- Generated by org.testng.reporters.JUnitReportReporter -->
<testsuite hostname="PPM05-PC" name="selenium_api.TC_01_CheckEnviroment" tests="1" failures="0" timestamp="26 Sep 2018 00:43:00 GMT" time="4.005" errors="0">
  <testcase name="TC_01_CheckEnvironment" time="4.005" classname="selenium_api.TC_01_CheckEnviroment"/>
</testsuite> <!-- selenium_api.TC_01_CheckEnviroment -->
