<?xml version="1.0" encoding="UTF-8"?>
<!-- Generated by org.testng.reporters.JUnitReportReporter -->
<testsuite hostname="LeThiThuThin" name="selenium_api.Topic_04_HandleTextboxTextArea_Exercise" tests="2" failures="0" timestamp="8 Oct 2018 16:47:35 GMT" time="32.879" errors="0">
  <testcase name="TC_02_EditCustomer" time="15.356" classname="selenium_api.Topic_04_HandleTextboxTextArea_Exercise"/>
  <testcase name="TC_01_CreateNewCustomer" time="17.523" classname="selenium_api.Topic_04_HandleTextboxTextArea_Exercise"/>
</testsuite> <!-- selenium_api.Topic_04_HandleTextboxTextArea_Exercise -->
