<?xml version="1.0" encoding="UTF-8"?>
<!-- Generated by org.testng.reporters.JUnitReportReporter -->
<testsuite hostname="PPM05-PC" name="selenium_api.Topic_02_Exercise" tests="5" failures="0" timestamp="27 Sep 2018 03:20:29 GMT" time="25.800" errors="0">
  <testcase name="TC_04_LoginWithPasswordIncorrect" time="3.044" classname="selenium_api.Topic_02_Exercise"/>
  <testcase name="TC_02_LoginWithEmailAndPasswordEmpty" time="3.002" classname="selenium_api.Topic_02_Exercise"/>
  <testcase name="TC_01_VerifyUrlAndTitle" time="8.852" classname="selenium_api.Topic_02_Exercise"/>
  <testcase name="TC_05_CreateAnAccount" time="7.104" classname="selenium_api.Topic_02_Exercise"/>
  <testcase name="TC_03_LoginWithEmailInvalid" time="3.798" classname="selenium_api.Topic_02_Exercise"/>
</testsuite> <!-- selenium_api.Topic_02_Exercise -->
