<?xml version="1.0" encoding="UTF-8"?>
<!-- Generated by org.testng.reporters.JUnitReportReporter -->
<testsuite hostname="LeThiThuThin" name="selenium_api.TC_LoginForm" tests="4" failures="0" timestamp="6 Oct 2018 03:25:26 GMT" time="45.145" errors="0">
  <testcase name="TC_02" time="7.355" classname="selenium_api.TC_LoginForm"/>
  <testcase name="TC_04" time="12.420" classname="selenium_api.TC_LoginForm"/>
  <testcase name="TC_03" time="6.993" classname="selenium_api.TC_LoginForm"/>
  <testcase name="TC_01" time="18.377" classname="selenium_api.TC_LoginForm"/>
</testsuite> <!-- selenium_api.TC_LoginForm -->
