<?xml version="1.0" encoding="UTF-8"?>
<!-- Generated by org.testng.reporters.JUnitReportReporter -->
<testsuite hostname="PPM05-PC" name="selenium_api.Topic_03_Exercise" tests="3" failures="0" timestamp="27 Sep 2018 06:45:42 GMT" time="5.307" errors="0">
  <testcase name="TC_01_VerifyElementIsDisplayed" time="2.872" classname="selenium_api.Topic_03_Exercise"/>
  <testcase name="TC_03_VerifyElementIsSelected" time="0.808" classname="selenium_api.Topic_03_Exercise"/>
  <testcase name="TC_02_VerifyElementIsEnableOrDisabled" time="1.627" classname="selenium_api.Topic_03_Exercise"/>
</testsuite> <!-- selenium_api.Topic_03_Exercise -->
