<?xml version="1.0" encoding="UTF-8"?>
<!-- Generated by org.testng.reporters.JUnitReportReporter -->
<testsuite hostname="PPM05-PC" name="selenium_api.TC_02_XpathCSS" tests="1" failures="0" timestamp="26 Sep 2018 00:51:27 GMT" time="1.750" errors="0">
  <testcase name="TC_02" time="1.750" classname="selenium_api.TC_02_XpathCSS"/>
</testsuite> <!-- selenium_api.TC_02_XpathCSS -->
