<?xml version="1.0" encoding="UTF-8"?>
<!-- Generated by org.testng.reporters.JUnitReportReporter -->
<testsuite hostname="LeThiThuThin" name="selenium_api.Topic_TestCase_ActualProject01_Guru99BankingWebsite" tests="25" failures="0" timestamp="5 Oct 2018 23:44:48 GMT" time="15.759" errors="0">
  <testcase name="TC_20_PinBlankSpace" time="0.185" classname="selenium_api.Topic_TestCase_ActualProject01_Guru99BankingWebsite"/>
  <testcase name="TC_08_CityNumeric" time="0.144" classname="selenium_api.Topic_TestCase_ActualProject01_Guru99BankingWebsite"/>
  <testcase name="TC_02_CustomerNameNumeric" time="0.192" classname="selenium_api.Topic_TestCase_ActualProject01_Guru99BankingWebsite"/>
  <testcase name="TC_11_StateBlank" time="0.171" classname="selenium_api.Topic_TestCase_ActualProject01_Guru99BankingWebsite"/>
  <testcase name="TC_05_AddBlank" time="0.528" classname="selenium_api.Topic_TestCase_ActualProject01_Guru99BankingWebsite"/>
  <testcase name="TC_14_StateSpace" time="0.185" classname="selenium_api.Topic_TestCase_ActualProject01_Guru99BankingWebsite"/>
  <testcase name="TC_15_PinCharacter" time="0.147" classname="selenium_api.Topic_TestCase_ActualProject01_Guru99BankingWebsite"/>
  <testcase name="TC_16_PinBlank" time="0.200" classname="selenium_api.Topic_TestCase_ActualProject01_Guru99BankingWebsite"/>
  <testcase name="TC_23_EmailBlank" time="0.163" classname="selenium_api.Topic_TestCase_ActualProject01_Guru99BankingWebsite"/>
  <testcase name="TC_18_PinFirstCharacterSpace" time="0.253" classname="selenium_api.Topic_TestCase_ActualProject01_Guru99BankingWebsite"/>
  <testcase name="TC_09_CitySpecial" time="0.215" classname="selenium_api.Topic_TestCase_ActualProject01_Guru99BankingWebsite"/>
  <testcase name="TC_06_AddSpace" time="0.132" classname="selenium_api.Topic_TestCase_ActualProject01_Guru99BankingWebsite"/>
  <testcase name="TC_01_CustomerNameBlank" time="10.853" classname="selenium_api.Topic_TestCase_ActualProject01_Guru99BankingWebsite"/>
  <testcase name="TC_13_StateSpecialCharacter" time="0.254" classname="selenium_api.Topic_TestCase_ActualProject01_Guru99BankingWebsite"/>
  <testcase name="TC_19_PinFirstBlank" time="0.232" classname="selenium_api.Topic_TestCase_ActualProject01_Guru99BankingWebsite"/>
  <testcase name="TC_12_StateNumeric" time="0.163" classname="selenium_api.Topic_TestCase_ActualProject01_Guru99BankingWebsite"/>
  <testcase name="TC_21_MobileFirstBlank" time="0.167" classname="selenium_api.Topic_TestCase_ActualProject01_Guru99BankingWebsite"/>
  <testcase name="TC_03_CustomerNameSpecialCharacter" time="0.241" classname="selenium_api.Topic_TestCase_ActualProject01_Guru99BankingWebsite"/>
  <testcase name="TC_24_EmailInvalid" time="0.169" classname="selenium_api.Topic_TestCase_ActualProject01_Guru99BankingWebsite"/>
  <testcase name="TC_07_CityBlank" time="0.153" classname="selenium_api.Topic_TestCase_ActualProject01_Guru99BankingWebsite"/>
  <testcase name="TC_10_CitySpace" time="0.197" classname="selenium_api.Topic_TestCase_ActualProject01_Guru99BankingWebsite"/>
  <testcase name="TC_04_CustomerNameSpace" time="0.196" classname="selenium_api.Topic_TestCase_ActualProject01_Guru99BankingWebsite"/>
  <testcase name="TC_18_PinLessThanSixDigits" time="0.232" classname="selenium_api.Topic_TestCase_ActualProject01_Guru99BankingWebsite"/>
  <testcase name="TC_21_MobileBlank" time="0.187" classname="selenium_api.Topic_TestCase_ActualProject01_Guru99BankingWebsite"/>
  <testcase name="TC_22_MobileSpecialCharacter" time="0.200" classname="selenium_api.Topic_TestCase_ActualProject01_Guru99BankingWebsite"/>
</testsuite> <!-- selenium_api.Topic_TestCase_ActualProject01_Guru99BankingWebsite -->
